<?xml version="1.0" encoding="UTF-8"?>
<!-- Generated by org.testng.reporters.JUnitReportReporter -->
<testsuite hostname="LAPTOP-GVHTHD2P" failures="0" tests="2" name="MavenPack.ClassTest" time="0.006" errors="0" timestamp="2022-04-08T00:20:49 IST" skipped="0">
  <testcase classname="MavenPack.ClassTest" name="MavenTest11" time="0.001"/>
  <system-out/>
  <testcase classname="MavenPack.ClassTest" name="MavenTest1" time="0.005"/>
  <system-out/>
</testsuite> <!-- MavenPack.ClassTest -->
