<?xml version="1.0" encoding="UTF-8"?>
<!-- Generated by org.testng.reporters.JUnitReportReporter -->
<testsuite hostname="LAPTOP-GVHTHD2P" failures="0" tests="1" name="Class1" time="0.008" errors="0" timestamp="2022-04-07T20:28:38 IST" skipped="0">
  <testcase classname="Class1" name="MavenTest1" time="0.008"/>
  <system-out/>
</testsuite> <!-- Class1 -->
