<?xml version="1.0" encoding="UTF-8"?>
<!-- Generated by org.testng.reporters.JUnitReportReporter -->
<testsuite hostname="LAPTOP-GVHTHD2P" failures="0" tests="2" name="ClassTest" time="0.003" errors="0" timestamp="2022-04-08T00:31:14 IST" skipped="0">
  <testcase classname="ClassTest" name="MavenTest1" time="0.003"/>
  <system-out/>
  <testcase classname="ClassTest" name="MavenTest11" time="0.000"/>
  <system-out/>
</testsuite> <!-- ClassTest -->
